[0m[[0m[0mdebug[0m] [0m[0m> Exec(__runWatch console0, Some(78d884a2-80eb-45f8-8b5a-013510888e47), Some(CommandSource(console0)))[0m
[0m[[0m[0mdebug[0m] [0m[0m> Exec(sbtStashOnFailure, None, Some(CommandSource(console0)))[0m
[0m[[0m[0mdebug[0m] [0m[0m> Exec(__preWatch console0, None, Some(CommandSource(console0)))[0m
[0m[[0m[0mdebug[0m] [0m[0m> Exec(run, None, Some(CommandSource(console0)))[0m
[0m[[0m[0mdebug[0m] [0m[0mEvaluating tasks: Compile / run[0m
[0m[[0m[0mdebug[0m] [0m[0mRunning task... Cancel: Signal, check cycles: false, forcegc: true[0m
[0m[[0m[0minfo[0m] [0m[0mcompiling 2 Scala sources to /Users/shaunroecker/SCR/gitHub/ScalaJnl/2023-Jan/27/zio-sessions/target/scala-2.13/classes ...[0m
[0m[[0m[31merror[0m] [0m[0m/Users/shaunroecker/SCR/gitHub/ScalaJnl/2023-Jan/27/zio-sessions/src/main/scala/dev/zio/quickstart/Clock.scala:5:26: not found: type EvenNumberError[0m
[0m[[0m[31merror[0m] [0m[0m    val faultyRandom: IO[EvenNumberError, Int] = [0m
[0m[[0m[31merror[0m] [0m[0m                         ^[0m
[0m[[0m[31merror[0m] [0m[0m/Users/shaunroecker/SCR/gitHub/ScalaJnl/2023-Jan/27/zio-sessions/src/main/scala/dev/zio/quickstart/Clock.scala:6:9: not found: value OpinionatedRandomNumberService[0m
[0m[[0m[31merror[0m] [0m[0m        OpinionatedRandomNumberService.get[0m
[0m[[0m[31merror[0m] [0m[0m        ^[0m
[0m[[0m[31merror[0m] [0m[0m/Users/shaunroecker/SCR/gitHub/ScalaJnl/2023-Jan/27/zio-sessions/src/main/scala/dev/zio/quickstart/Clock.scala:8:27: not found: type EvenNumberError[0m
[0m[[0m[31merror[0m] [0m[0m    val orElseExample: IO[EvenNumberError, Int] =[0m
[0m[[0m[31merror[0m] [0m[0m                          ^[0m
[0m[[0m[31merror[0m] [0m[0mthree errors found[0m
[0m[[0m[0mdebug[0m] [0m[0mForcing garbage collection...[0m
[0m[[0m[31merror[0m] [0m[0m(Compile / [31mcompileIncremental[0m) Compilation failed[0m
[0m[[0m[31merror[0m] [0m[0mTotal time: 1 s, completed Jan 27, 2023, 8:51:38 PM[0m
[0m[[0m[0mdebug[0m] [0m[0m> Exec(resumeFromFailure, None, Some(CommandSource(console0)))[0m
[0m[[0m[0mdebug[0m] [0m[0m> Exec(sbtPopOnFailure, None, Some(CommandSource(console0)))[0m
[0m[[0m[0mdebug[0m] [0m[0m> Exec(__postWatch console0, None, Some(CommandSource(console0)))[0m
[0m[[0m[0mdebug[0m] [0m[0m> Exec(resumeFromFailure, None, None)[0m
[0m[[0m[0mdebug[0m] [0m[0m> Exec(__waitWatch console0, None, None)[0m
