[0m[[0m[0mdebug[0m] [0m[0m> Exec(__runWatch console0, Some(58539eb2-4feb-433b-9693-950d9f368ecd), Some(CommandSource(console0)))[0m
[0m[[0m[0mdebug[0m] [0m[0m> Exec(sbtStashOnFailure, None, Some(CommandSource(console0)))[0m
[0m[[0m[0mdebug[0m] [0m[0m> Exec(__preWatch console0, None, Some(CommandSource(console0)))[0m
[0m[[0m[0mdebug[0m] [0m[0m> Exec(runMain sessions.optics.OpticsZIO, None, Some(CommandSource(console0)))[0m
[0m[[0m[0mdebug[0m] [0m[0mEvaluating tasks: Compile / runMain[0m
[0m[[0m[0mdebug[0m] [0m[0mRunning task... Cancel: Signal, check cycles: false, forcegc: true[0m
[0m[[0m[0minfo[0m] [0m[0mcompiling 1 Scala source to /Users/shaunroecker/gitHub01312023/ScalaJnl/2023-Feb/19/zio-sessions/target/scala-3.2.2/classes ...[0m
[0m[[0m[31merror[0m] [0m[0m[31m[31m-- [E147] Syntax Error: /Users/shaunroecker/gitHub01312023/ScalaJnl/2023-Feb/19/zio-sessions/src/main/scala/sessions/optics/Optics.scala:59:8 [0m[0m[0m
[0m[[0m[31merror[0m] [0m[0m[31m59 |[0m        [33mfinal[0m [33mcase object[0m [35mJNull[0m [33mextends[0m [35mJson[0m[0m
[0m[[0m[31merror[0m] [0m[0m[31m[31m   |[0m        ^^^^^[0m[0m
[0m[[0m[31merror[0m] [0m[0m[31m   |[0m        Modifier [33mfinal[0m is redundant for this definition[0m
[0m[[0m[31merror[0m] [0m[0mone error found[0m
[0m[[0m[0mdebug[0m] [0m[0mForcing garbage collection...[0m
[0m[[0m[31merror[0m] [0m[0m(Compile / [31mcompileIncremental[0m) Compilation failed[0m
[0m[[0m[31merror[0m] [0m[0mTotal time: 1 s, completed Feb 19, 2023, 5:50:06 PM[0m
[0m[[0m[0mdebug[0m] [0m[0m> Exec(resumeFromFailure, None, Some(CommandSource(console0)))[0m
[0m[[0m[0mdebug[0m] [0m[0m> Exec(sbtPopOnFailure, None, Some(CommandSource(console0)))[0m
[0m[[0m[0mdebug[0m] [0m[0m> Exec(__postWatch console0, None, Some(CommandSource(console0)))[0m
[0m[[0m[0mdebug[0m] [0m[0m> Exec(resumeFromFailure, None, None)[0m
[0m[[0m[0mdebug[0m] [0m[0m> Exec(__waitWatch console0, None, None)[0m
