[0m[[0m[0mdebug[0m] [0m[0m> Exec(__runWatch console0, Some(446db5a5-5ea5-48b4-87a4-e7f8fccd3e70), Some(CommandSource(console0)))[0m
[0m[[0m[0mdebug[0m] [0m[0m> Exec(sbtStashOnFailure, None, Some(CommandSource(console0)))[0m
[0m[[0m[0mdebug[0m] [0m[0m> Exec(__preWatch console0, None, Some(CommandSource(console0)))[0m
[0m[[0m[0mdebug[0m] [0m[0m> Exec(run, None, Some(CommandSource(console0)))[0m
[0m[[0m[0mdebug[0m] [0m[0mEvaluating tasks: Compile / run[0m
[0m[[0m[0mdebug[0m] [0m[0mRunning task... Cancel: Signal, check cycles: false, forcegc: true[0m
[0m[[0m[0minfo[0m] [0m[0mcompiling 1 Scala source to /Users/shaunroecker/SCR/gitHub/ScalaJnl/2023-Jan/29/zio-sessions/target/scala-2.13/classes ...[0m
[0m[[0m[31merror[0m] [0m[0m/Users/shaunroecker/SCR/gitHub/ScalaJnl/2023-Jan/29/zio-sessions/src/main/scala/dev/zio/quickstart/STMs.scala:70:11: type mismatch;[0m
[0m[[0m[31merror[0m] [0m[0m found   : zio.stm.ZSTM[Any,Nothing,Unit][0m
[0m[[0m[31merror[0m] [0m[0m required: zio.ZIO[TArraySTM2.Environment with zio.ZIOAppArgs with zio.Scope,Any,Any][0m
[0m[[0m[31merror[0m] [0m[0m    (which expands to)  zio.ZIO[Any with zio.ZIOAppArgs with zio.Scope,Any,Any][0m
[0m[[0m[31merror[0m] [0m[0m        _ <- transaction2.map(x => Console.printLine(x))[0m
[0m[[0m[31merror[0m] [0m[0m          ^[0m
[0m[[0m[31merror[0m] [0m[0mone error found[0m
[0m[[0m[31merror[0m] [0m[0m(Compile / [31mcompileIncremental[0m) Compilation failed[0m
[0m[[0m[31merror[0m] [0m[0mTotal time: 1 s, completed Jan 29, 2023, 11:35:51 PM[0m
[0m[[0m[0mdebug[0m] [0m[0m> Exec(resumeFromFailure, None, Some(CommandSource(console0)))[0m
[0m[[0m[0mdebug[0m] [0m[0m> Exec(sbtPopOnFailure, None, Some(CommandSource(console0)))[0m
[0m[[0m[0mdebug[0m] [0m[0m> Exec(__postWatch console0, None, Some(CommandSource(console0)))[0m
[0m[[0m[0mdebug[0m] [0m[0m> Exec(resumeFromFailure, None, None)[0m
[0m[[0m[0mdebug[0m] [0m[0m> Exec(__waitWatch console0, None, None)[0m
[0m[[0m[0minfo[0m] [0m[0mshutting down sbt server[0m
