[0m[[0m[0mdebug[0m] [0m[0m> Exec(__runWatch console0, Some(756b5de3-c2f8-4592-9e6b-24ae3966744f), Some(CommandSource(console0)))[0m
[0m[[0m[0mdebug[0m] [0m[0m> Exec(sbtStashOnFailure, None, Some(CommandSource(console0)))[0m
[0m[[0m[0mdebug[0m] [0m[0m> Exec(__preWatch console0, None, Some(CommandSource(console0)))[0m
[0m[[0m[0mdebug[0m] [0m[0m> Exec(run, None, Some(CommandSource(console0)))[0m
[0m[[0m[0mdebug[0m] [0m[0mEvaluating tasks: Compile / run[0m
[0m[[0m[0mdebug[0m] [0m[0mRunning task... Cancel: Signal, check cycles: false, forcegc: true[0m
[0m[[0m[0minfo[0m] [0m[0mcompiling 1 Scala source to /Users/shaunroecker/SCR/gitHub/ScalaJnl/2023-Jan/16/Zio/zio-quickstart-hello-world/target/scala-3.1.3/classes ...[0m
[0m[[0m[31merror[0m] [0m[0m[31m[31m-- [E008] Not Found Error: /Users/shaunroecker/SCR/gitHub/ScalaJnl/2023-Jan/16/Zio/zio-quickstart-hello-world/src/main/scala/dev/zio/quickstart/MainApp.scala:52:22 [0m[0m[0m
[0m[[0m[31merror[0m] [0m[0m[31m52 |[0m  [33mval[0m [36mfirstName[0m = ZIO.effect(StdIn.readLine([31m"John"[0m))[0m
[0m[[0m[31merror[0m] [0m[0m[31m[31m   |[0m                  ^^^^^^^^^^[0m[0m
[0m[[0m[31merror[0m] [0m[0m[31m   |[0m                  value effect is not a member of object zio.ZIO[0m
[0m[[0m[31merror[0m] [0m[0m[31m[31m-- [E008] Not Found Error: /Users/shaunroecker/SCR/gitHub/ScalaJnl/2023-Jan/16/Zio/zio-quickstart-hello-world/src/main/scala/dev/zio/quickstart/MainApp.scala:53:21 [0m[0m[0m
[0m[[0m[31merror[0m] [0m[0m[31m53 |[0m  [33mval[0m [36mlastName[0m = ZIO.effect(StdIn.readLine([31m"Doe"[0m))[0m
[0m[[0m[31merror[0m] [0m[0m[31m[31m   |[0m                 ^^^^^^^^^^[0m[0m
[0m[[0m[31merror[0m] [0m[0m[31m   |[0m                 value effect is not a member of object zio.ZIO[0m
[0m[[0m[31merror[0m] [0m[0mtwo errors found[0m
[0m[[0m[31merror[0m] [0m[0m(Compile / [31mcompileIncremental[0m) Compilation failed[0m
[0m[[0m[31merror[0m] [0m[0mTotal time: 2 s, completed Jan 16, 2023, 10:37:09 PM[0m
[0m[[0m[0mdebug[0m] [0m[0m> Exec(resumeFromFailure, None, Some(CommandSource(console0)))[0m
[0m[[0m[0mdebug[0m] [0m[0m> Exec(sbtPopOnFailure, None, Some(CommandSource(console0)))[0m
[0m[[0m[0mdebug[0m] [0m[0m> Exec(__postWatch console0, None, Some(CommandSource(console0)))[0m
[0m[[0m[0mdebug[0m] [0m[0m> Exec(resumeFromFailure, None, None)[0m
[0m[[0m[0mdebug[0m] [0m[0m> Exec(__waitWatch console0, None, None)[0m
