[0m[[0m[0mdebug[0m] [0m[0m> Exec(__runWatch console0, Some(0aa9c9b4-172e-44f6-bfdf-dbb0a95deb41), Some(CommandSource(console0)))[0m
[0m[[0m[0mdebug[0m] [0m[0m> Exec(sbtStashOnFailure, None, Some(CommandSource(console0)))[0m
[0m[[0m[0mdebug[0m] [0m[0m> Exec(__preWatch console0, None, Some(CommandSource(console0)))[0m
[0m[[0m[0mdebug[0m] [0m[0m> Exec(run, None, Some(CommandSource(console0)))[0m
[0m[[0m[0mdebug[0m] [0m[0mEvaluating tasks: Compile / run[0m
[0m[[0m[0mdebug[0m] [0m[0mRunning task... Cancel: Signal, check cycles: false, forcegc: true[0m
[0m[[0m[0minfo[0m] [0m[0mcompiling 1 Scala source to /Users/shaunroecker/SCR/gitHub/ScalaJnl/2023-Jan/16/Zio/zio-quickstart-hello-world/target/scala-3.1.3/classes ...[0m
[0m[[0m[31merror[0m] [0m[0m[31m[31m-- [E046] Cyclic Error: /Users/shaunroecker/SCR/gitHub/ScalaJnl/2023-Jan/16/Zio/zio-quickstart-hello-world/src/main/scala/dev/zio/quickstart/MainApp.scala:5:11 [0m[0m[0m
[0m[[0m[31merror[0m] [0m[0m[31m5 |[0m[33mimport[0m zio.duration.*[0m
[0m[[0m[31merror[0m] [0m[0m[31m[31m  |[0m           ^[0m[0m
[0m[[0m[31merror[0m] [0m[0m[31m  |[0m           Cyclic reference involving val <import>[0m
[0m[[0m[31merror[0m] [0m[0m[31m  |[0m[0m
[0m[[0m[31merror[0m] [0m[0m[31m  |[0m longer explanation available when compiling with `-explain`[0m
[0m[[0m[31merror[0m] [0m[0m[31m[31m-- [E008] Not Found Error: /Users/shaunroecker/SCR/gitHub/ScalaJnl/2023-Jan/16/Zio/zio-quickstart-hello-world/src/main/scala/dev/zio/quickstart/MainApp.scala:4:11 [0m[0m[0m
[0m[[0m[31merror[0m] [0m[0m[31m4 |[0m[33mimport[0m zio.clock.*[0m
[0m[[0m[31merror[0m] [0m[0m[31m[31m  |[0m       ^^^^^^^^^[0m[0m
[0m[[0m[31merror[0m] [0m[0m[31m  |[0m       value clock is not a member of zio - did you mean zio.Clock?[0m
[0m[[0m[31merror[0m] [0m[0m[31m[31m-- [E049] Reference Error: /Users/shaunroecker/SCR/gitHub/ScalaJnl/2023-Jan/16/Zio/zio-quickstart-hello-world/src/main/scala/dev/zio/quickstart/MainApp.scala:32:4 [0m[0m[0m
[0m[[0m[31merror[0m] [0m[0m[31m32 |[0m    ZIO.attempt(println([31m"Going to the grocery store"[0m))[0m
[0m[[0m[31merror[0m] [0m[0m[31m[31m   |[0m    ^^^[0m[0m
[0m[[0m[31merror[0m] [0m[0m[31m   |[0mReference to ZIO is ambiguous,[0m
[0m[[0m[31merror[0m] [0m[0m[31m   |[0mit is both imported by import zio._[0m
[0m[[0m[31merror[0m] [0m[0m[31m   |[0mand imported subsequently by import <error value clock is not a member of zio - did you mean zio.Clock?>._[0m
[0m[[0m[31merror[0m] [0m[0m[31m   |[0m[0m
[0m[[0m[31merror[0m] [0m[0m[31m   |[0m longer explanation available when compiling with `-explain`[0m
[0m[[0m[31merror[0m] [0m[0m[31m[31m-- Error: /Users/shaunroecker/SCR/gitHub/ScalaJnl/2023-Jan/16/Zio/zio-quickstart-hello-world/src/main/scala/dev/zio/quickstart/MainApp.scala:37:15 [0m[0m[0m
[0m[[0m[31merror[0m] [0m[0m[31m37 |[0m  [33mimport[0m scala.io.StdIn[0m
[0m[[0m[31merror[0m] [0m[0m[31m[31m   |[0m         ^^^^^^^^[0m[0m
[0m[[0m[31merror[0m] [0m[0m[31m   |[0m         import prefix is not a pure expression[0m
[0m[[0m[31merror[0m] [0m[0m[31m[31m-- [E049] Reference Error: /Users/shaunroecker/SCR/gitHub/ScalaJnl/2023-Jan/16/Zio/zio-quickstart-hello-world/src/main/scala/dev/zio/quickstart/MainApp.scala:40:4 [0m[0m[0m
[0m[[0m[31merror[0m] [0m[0m[31m40 |[0m    ZIO.attempt(StdIn.readLine())[0m
[0m[[0m[31merror[0m] [0m[0m[31m[31m   |[0m    ^^^[0m[0m
[0m[[0m[31merror[0m] [0m[0m[31m   |[0mReference to ZIO is ambiguous,[0m
[0m[[0m[31merror[0m] [0m[0m[31m   |[0mit is both imported by import zio._[0m
[0m[[0m[31merror[0m] [0m[0m[31m   |[0mand imported subsequently by import <error value clock is not a member of zio - did you mean zio.Clock?>._[0m
[0m[[0m[31merror[0m] [0m[0m[31m   |[0m[0m
[0m[[0m[31merror[0m] [0m[0m[31m   |[0m longer explanation available when compiling with `-explain`[0m
[0m[[0m[31merror[0m] [0m[0m[31m[31m-- [E049] Reference Error: /Users/shaunroecker/SCR/gitHub/ScalaJnl/2023-Jan/16/Zio/zio-quickstart-hello-world/src/main/scala/dev/zio/quickstart/MainApp.scala:43:4 [0m[0m[0m
[0m[[0m[31merror[0m] [0m[0m[31m43 |[0m    ZIO.attempt(println(line))[0m
[0m[[0m[31merror[0m] [0m[0m[31m[31m   |[0m    ^^^[0m[0m
[0m[[0m[31merror[0m] [0m[0m[31m   |[0mReference to ZIO is ambiguous,[0m
[0m[[0m[31merror[0m] [0m[0m[31m   |[0mit is both imported by import zio._[0m
[0m[[0m[31merror[0m] [0m[0m[31m   |[0mand imported subsequently by import <error value clock is not a member of zio - did you mean zio.Clock?>._[0m
[0m[[0m[31merror[0m] [0m[0m[31m   |[0m[0m
[0m[[0m[31merror[0m] [0m[0m[31m   |[0m longer explanation available when compiling with `-explain`[0m
[0m[[0m[31merror[0m] [0m[0m[31m[31m-- [E049] Reference Error: /Users/shaunroecker/SCR/gitHub/ScalaJnl/2023-Jan/16/Zio/zio-quickstart-hello-world/src/main/scala/dev/zio/quickstart/MainApp.scala:54:18 [0m[0m[0m
[0m[[0m[31merror[0m] [0m[0m[31m54 |[0m  [33mval[0m [36mfirstName[0m = ZIO.attempt(StdIn.readLine([31m"John"[0m))[0m
[0m[[0m[31merror[0m] [0m[0m[31m[31m   |[0m                  ^^^[0m[0m
[0m[[0m[31merror[0m] [0m[0m[31m   |[0mReference to ZIO is ambiguous,[0m
[0m[[0m[31merror[0m] [0m[0m[31m   |[0mit is both imported by import zio._[0m
[0m[[0m[31merror[0m] [0m[0m[31m   |[0mand imported subsequently by import <error value clock is not a member of zio - did you mean zio.Clock?>._[0m
[0m[[0m[31merror[0m] [0m[0m[31m   |[0m[0m
[0m[[0m[31merror[0m] [0m[0m[31m   |[0m longer explanation available when compiling with `-explain`[0m
[0m[[0m[31merror[0m] [0m[0m[31m[31m-- [E049] Reference Error: /Users/shaunroecker/SCR/gitHub/ScalaJnl/2023-Jan/16/Zio/zio-quickstart-hello-world/src/main/scala/dev/zio/quickstart/MainApp.scala:55:17 [0m[0m[0m
[0m[[0m[31merror[0m] [0m[0m[31m55 |[0m  [33mval[0m [36mlastName[0m = ZIO.attempt(StdIn.readLine([31m"Doe"[0m))[0m
[0m[[0m[31merror[0m] [0m[0m[31m[31m   |[0m                 ^^^[0m[0m
[0m[[0m[31merror[0m] [0m[0m[31m   |[0mReference to ZIO is ambiguous,[0m
[0m[[0m[31merror[0m] [0m[0m[31m   |[0mit is both imported by import zio._[0m
[0m[[0m[31merror[0m] [0m[0m[31m   |[0mand imported subsequently by import <error value clock is not a member of zio - did you mean zio.Clock?>._[0m
[0m[[0m[31merror[0m] [0m[0m[31m   |[0m[0m
[0m[[0m[31merror[0m] [0m[0m[31m   |[0m longer explanation available when compiling with `-explain`[0m
[0m[[0m[31merror[0m] [0m[0m[31m[31m-- Error: /Users/shaunroecker/SCR/gitHub/ScalaJnl/2023-Jan/16/Zio/zio-quickstart-hello-world/src/main/scala/dev/zio/quickstart/MainApp.scala:77:21 [0m[0m[0m
[0m[[0m[31merror[0m] [0m[0m[31m77 |[0m    [33mimport[0m java.util.concurrent.{ Executors, ScheduledExecutorService }[0m
[0m[[0m[31merror[0m] [0m[0m[31m[31m   |[0m           ^^^^^^^^^^^^^^^^^^^^[0m[0m
[0m[[0m[31merror[0m] [0m[0m[31m   |[0m           import prefix is not a pure expression[0m
[0m[[0m[31merror[0m] [0m[0m[31m[31m-- Error: /Users/shaunroecker/SCR/gitHub/ScalaJnl/2023-Jan/16/Zio/zio-quickstart-hello-world/src/main/scala/dev/zio/quickstart/MainApp.scala:78:32 [0m[0m[0m
[0m[[0m[31merror[0m] [0m[0m[31m78 |[0m    [33mimport[0m java.util.concurrent.TimeUnit._[0m
[0m[[0m[31merror[0m] [0m[0m[31m[31m   |[0m           ^^^^^^^^^^^^^^^^^^^^^^^^^^^^^[0m[0m
[0m[[0m[31merror[0m] [0m[0m[31m   |[0m           import prefix is not a pure expression[0m
[0m[[0m[31merror[0m] [0m[0m10 errors found[0m
[0m[[0m[31merror[0m] [0m[0m(Compile / [31mcompileIncremental[0m) Compilation failed[0m
[0m[[0m[31merror[0m] [0m[0mTotal time: 2 s, completed Jan 16, 2023, 10:40:02 PM[0m
[0m[[0m[0mdebug[0m] [0m[0m> Exec(resumeFromFailure, None, Some(CommandSource(console0)))[0m
[0m[[0m[0mdebug[0m] [0m[0m> Exec(sbtPopOnFailure, None, Some(CommandSource(console0)))[0m
[0m[[0m[0mdebug[0m] [0m[0m> Exec(__postWatch console0, None, Some(CommandSource(console0)))[0m
[0m[[0m[0mdebug[0m] [0m[0m> Exec(resumeFromFailure, None, None)[0m
[0m[[0m[0mdebug[0m] [0m[0m> Exec(__waitWatch console0, None, None)[0m
