2023.01.31 23:19:27 INFO  tracing is disabled for protocol LSP, to enable tracing of incoming and outgoing JSON messages create an empty file at /Users/shaunroecker/gitHub01312023/ScalaJnl/.metals/lsp.trace.json or /Users/shaunroecker/Library/Caches/org.scalameta.metals/lsp.trace.json
2023.01.31 23:19:29 INFO  logging to file /Users/shaunroecker/gitHub01312023/ScalaJnl/.metals/metals.log
2023.01.31 23:19:29 INFO  Started: Metals version 0.11.10 in workspace '/Users/shaunroecker/gitHub01312023/ScalaJnl' for client Visual Studio Code 1.70.1.
SLF4J: No SLF4J providers were found.
SLF4J: Defaulting to no-operation (NOP) logger implementation
SLF4J: See https://www.slf4j.org/codes.html#noProviders for further details.
SLF4J: Class path contains SLF4J bindings targeting slf4j-api versions 1.7.x or earlier.
SLF4J: Ignoring binding found at [jar:file:/Users/shaunroecker/Library/Caches/Coursier/v1/https/repo1.maven.org/maven2/com/outr/scribe-slf4j_2.13/3.10.5/scribe-slf4j_2.13-3.10.5.jar!/org/slf4j/impl/StaticLoggerBinder.class]
SLF4J: See https://www.slf4j.org/codes.html#ignoredBindings for an explanation.
2023.01.31 23:19:32 INFO  time: initialize in 3.38s
2023.01.31 23:19:39 WARN  Build server is not auto-connectable.
2023.01.31 23:19:39 WARN  no build tool detected in workspace '/Users/shaunroecker/gitHub01312023/ScalaJnl'. The most common cause for this problem is that the editor was opened in the wrong working directory, for example if you use sbt then the workspace directory should contain build.sbt. 
2023.01.31 23:19:39 WARN  no build target for: /Users/shaunroecker/gitHub01312023/ScalaJnl/2023-Jan/29/zio-sessions/src/main/scala/dev/zio/quickstart/STMs.scala
Jan 31, 2023 11:19:40 PM org.eclipse.lsp4j.jsonrpc.RemoteEndpoint handleCancellation
WARNING: Unmatched cancel notification for request id 1
2023.01.31 23:19:46 INFO  no build target found for /Users/shaunroecker/gitHub01312023/ScalaJnl/2023-Jan/29/zio-sessions/src/main/scala/dev/zio/quickstart/STMs.scala. Using presentation compiler with project's scala-library version: 3.2.1
2023.01.31 23:19:46 WARN  no build target for: /Users/shaunroecker/gitHub01312023/ScalaJnl/2023-Jan/28/zio-sessions/src/main/scala/dev/zio/quickstart/STMs.scala
2023.01.31 23:19:49 INFO  time: code lens generation in 2.72s
2023.01.31 23:19:49 INFO  time: code lens generation in 9.09s
2023.01.31 23:19:54 WARN  no build target for: /Users/shaunroecker/gitHub01312023/ScalaJnl/2023-Jan/31/zio-sessions/build.sbt
2023.01.31 23:20:28 WARN  no build target for: /Users/shaunroecker/gitHub01312023/ScalaJnl/2023-Jan/31/zio-sessions/build.sbt
2023.01.31 23:20:35 WARN  no build target for: /Users/shaunroecker/gitHub01312023/ScalaJnl/2023-Jan/6/SCALA_1_6_2023.scala
2023.02.01 00:28:22 INFO  tracing is disabled for protocol LSP, to enable tracing of incoming and outgoing JSON messages create an empty file at /Users/shaunroecker/gitHub01312023/ScalaJnl/.metals/lsp.trace.json or /Users/shaunroecker/Library/Caches/org.scalameta.metals/lsp.trace.json
2023.02.01 00:28:25 INFO  logging to file /Users/shaunroecker/gitHub01312023/ScalaJnl/.metals/metals.log
2023.02.01 00:28:25 INFO  Started: Metals version 0.11.10 in workspace '/Users/shaunroecker/gitHub01312023/ScalaJnl' for client Visual Studio Code 1.70.1.
SLF4J: No SLF4J providers were found.
SLF4J: Defaulting to no-operation (NOP) logger implementation
SLF4J: See https://www.slf4j.org/codes.html#noProviders for further details.
SLF4J: Class path contains SLF4J bindings targeting slf4j-api versions 1.7.x or earlier.
SLF4J: Ignoring binding found at [jar:file:/Users/shaunroecker/Library/Caches/Coursier/v1/https/repo1.maven.org/maven2/com/outr/scribe-slf4j_2.13/3.10.5/scribe-slf4j_2.13-3.10.5.jar!/org/slf4j/impl/StaticLoggerBinder.class]
SLF4J: See https://www.slf4j.org/codes.html#ignoredBindings for an explanation.
2023.02.01 00:28:32 INFO  time: initialize in 7.11s
2023.02.01 00:28:35 WARN  Build server is not auto-connectable.
2023.02.01 00:28:35 WARN  no build tool detected in workspace '/Users/shaunroecker/gitHub01312023/ScalaJnl'. The most common cause for this problem is that the editor was opened in the wrong working directory, for example if you use sbt then the workspace directory should contain build.sbt. 
2023.02.01 00:28:35 WARN  no build target for: /Users/shaunroecker/gitHub01312023/ScalaJnl/2023-Jan/6/SCALA_1_6_2023.scala
2023.02.01 00:28:40 INFO  no build target found for /Users/shaunroecker/gitHub01312023/ScalaJnl/2023-Jan/6/SCALA_1_6_2023.scala. Using presentation compiler with project's scala-library version: 3.2.1
2023.02.01 00:28:44 INFO  time: code lens generation in 7.41s
2023.02.01 18:32:58 INFO  shutting down Metals
2023.02.01 19:55:26 INFO  tracing is disabled for protocol LSP, to enable tracing of incoming and outgoing JSON messages create an empty file at /Users/shaunroecker/gitHub01312023/ScalaJnl/.metals/lsp.trace.json or /Users/shaunroecker/Library/Caches/org.scalameta.metals/lsp.trace.json
2023.02.01 19:55:27 INFO  logging to file /Users/shaunroecker/gitHub01312023/ScalaJnl/.metals/metals.log
2023.02.01 19:55:27 INFO  Started: Metals version 0.11.10 in workspace '/Users/shaunroecker/gitHub01312023/ScalaJnl' for client Visual Studio Code 1.70.1.
SLF4J: No SLF4J providers were found.
SLF4J: Defaulting to no-operation (NOP) logger implementation
SLF4J: See https://www.slf4j.org/codes.html#noProviders for further details.
SLF4J: Class path contains SLF4J bindings targeting slf4j-api versions 1.7.x or earlier.
SLF4J: Ignoring binding found at [jar:file:/Users/shaunroecker/Library/Caches/Coursier/v1/https/repo1.maven.org/maven2/com/outr/scribe-slf4j_2.13/3.10.5/scribe-slf4j_2.13-3.10.5.jar!/org/slf4j/impl/StaticLoggerBinder.class]
SLF4J: See https://www.slf4j.org/codes.html#ignoredBindings for an explanation.
2023.02.01 19:55:29 INFO  time: initialize in 1.8s
2023.02.01 19:55:31 WARN  Build server is not auto-connectable.
2023.02.01 19:55:31 WARN  no build tool detected in workspace '/Users/shaunroecker/gitHub01312023/ScalaJnl'. The most common cause for this problem is that the editor was opened in the wrong working directory, for example if you use sbt then the workspace directory should contain build.sbt. 
2023.02.01 19:55:43 WARN  no build target for: /Users/shaunroecker/gitHub01312023/ScalaJnl/2023-Feb/1/zio-sessions/src/main/scala/MainApp.scala
2023.02.01 19:55:46 INFO  no build target found for /Users/shaunroecker/gitHub01312023/ScalaJnl/2023-Feb/1/zio-sessions/src/main/scala/MainApp.scala. Using presentation compiler with project's scala-library version: 3.2.1
2023.02.01 19:55:48 INFO  time: code lens generation in 4.17s
2023.02.01 19:55:48 INFO  time: code lens generation in 1.2s
2023.02.01 19:56:12 WARN  no build target for: /Users/shaunroecker/gitHub01312023/ScalaJnl/2023-Feb/1/zio-sessions/src/main/scala/MainApp.scala
