[0m[[0m[0mdebug[0m] [0m[0m> Exec(__runWatch console0, Some(d14f74f0-6a83-424f-a965-c219aaa220a1), Some(CommandSource(console0)))[0m
[0m[[0m[0mdebug[0m] [0m[0m> Exec(sbtStashOnFailure, None, Some(CommandSource(console0)))[0m
[0m[[0m[0mdebug[0m] [0m[0m> Exec(__preWatch console0, None, Some(CommandSource(console0)))[0m
[0m[[0m[0mdebug[0m] [0m[0m> Exec(run, None, Some(CommandSource(console0)))[0m
[0m[[0m[0mdebug[0m] [0m[0mEvaluating tasks: Compile / run[0m
[0m[[0m[0mdebug[0m] [0m[0mRunning task... Cancel: Signal, check cycles: false, forcegc: true[0m
[0m[[0m[0minfo[0m] [0m[0mcompiling 1 Scala source to /Users/shaunroecker/SCR/gitHub/ScalaJnl/2023-Jan/22/zio-sessions/target/scala-2.13/classes ...[0m
[0m[[0m[31merror[0m] [0m[0m/Users/shaunroecker/SCR/gitHub/ScalaJnl/2023-Jan/22/zio-sessions/src/main/scala/dev/zio/quickstart/MainApp.scala:195:83: type mismatch;[0m
[0m[[0m[31merror[0m] [0m[0m found   : zio.ZIO[Any,Throwable,Int][0m
[0m[[0m[31merror[0m] [0m[0m required: zio.ZIO[Any,Nothing,Int][0m
[0m[[0m[31merror[0m] [0m[0m        readInt.orElse(Console.printLine("Please enter a valid integer").zipRight(readInt))[0m
[0m[[0m[31merror[0m] [0m[0m                                                                                  ^[0m
[0m[[0m[31merror[0m] [0m[0mone error found[0m
[0m[[0m[31merror[0m] [0m[0m(Compile / [31mcompileIncremental[0m) Compilation failed[0m
[0m[[0m[31merror[0m] [0m[0mTotal time: 1 s, completed Jan 22, 2023, 6:10:22 PM[0m
[0m[[0m[0mdebug[0m] [0m[0m> Exec(resumeFromFailure, None, Some(CommandSource(console0)))[0m
[0m[[0m[0mdebug[0m] [0m[0m> Exec(sbtPopOnFailure, None, Some(CommandSource(console0)))[0m
[0m[[0m[0mdebug[0m] [0m[0m> Exec(__postWatch console0, None, Some(CommandSource(console0)))[0m
[0m[[0m[0mdebug[0m] [0m[0m> Exec(resumeFromFailure, None, None)[0m
[0m[[0m[0mdebug[0m] [0m[0m> Exec(__waitWatch console0, None, None)[0m
